[I 10:46:33.972 NotebookApp] Serving notebooks from local directory: /home/bb/projects/valkyrie/python
[I 10:46:33.972 NotebookApp] Jupyter Notebook 6.4.11 is running at:
[I 10:46:33.972 NotebookApp] http://bb-VirtualBox:8888/?token=3a7de94750447f49071fe70ba0887d1526295eacc2f1210c
[I 10:46:33.972 NotebookApp]  or http://127.0.0.1:8888/?token=3a7de94750447f49071fe70ba0887d1526295eacc2f1210c
[I 10:46:33.972 NotebookApp] Use Control-C to stop this server and shut down all kernels (twice to skip confirmation).
[C 10:46:33.998 NotebookApp] 
    
    To access the notebook, open this file in a browser:
        file:///home/bb/.local/share/jupyter/runtime/nbserver-950019-open.html
    Or copy and paste one of these URLs:
        http://bb-VirtualBox:8888/?token=3a7de94750447f49071fe70ba0887d1526295eacc2f1210c
     or http://127.0.0.1:8888/?token=3a7de94750447f49071fe70ba0887d1526295eacc2f1210c
[W 10:48:43.033 NotebookApp] Notebook notebooks/sim_trade_analyzer.ipynb is not trusted
[I 10:48:43.189 NotebookApp] Kernel started: 8b832f5c-8ef0-4a17-aead-da2f8e54a0da, name: python3
[IPKernelApp] ERROR | No such comm target registered: jupyter.widget.control
[IPKernelApp] WARNING | No such comm: 16344a64-99bd-424e-89da-e835144bd785
[I 10:49:36.398 NotebookApp] Starting buffering for 8b832f5c-8ef0-4a17-aead-da2f8e54a0da:b7dffbaea0b94960a50460500d725405
[I 10:49:36.631 NotebookApp] Kernel restarted: 8b832f5c-8ef0-4a17-aead-da2f8e54a0da
[I 10:49:36.651 NotebookApp] Restoring connection for 8b832f5c-8ef0-4a17-aead-da2f8e54a0da:b7dffbaea0b94960a50460500d725405
[I 10:49:37.059 NotebookApp] Replaying 3 buffered messages
[I 10:50:43.155 NotebookApp] Saving file at /notebooks/sim_trade_analyzer.ipynb
[I 10:52:43.167 NotebookApp] Saving file at /notebooks/sim_trade_analyzer.ipynb
[I 10:54:43.175 NotebookApp] Saving file at /notebooks/sim_trade_analyzer.ipynb
[I 10:56:43.200 NotebookApp] Saving file at /notebooks/sim_trade_analyzer.ipynb
[IPKernelApp] WARNING | No such comm: aca23c056df247e8bfd176c306d5220e
[IPKernelApp] WARNING | No such comm: aca23c056df247e8bfd176c306d5220e
[IPKernelApp] WARNING | No such comm: 6ac924973cdc49728ec24d6acce04142
[I 13:16:44.310 NotebookApp] Saving file at /notebooks/sim_trade_analyzer.ipynb
[I 13:16:48.702 NotebookApp] Starting buffering for 8b832f5c-8ef0-4a17-aead-da2f8e54a0da:b7dffbaea0b94960a50460500d725405
[I 13:16:49.742 NotebookApp] Kernel restarted: 8b832f5c-8ef0-4a17-aead-da2f8e54a0da
[I 13:16:49.756 NotebookApp] Restoring connection for 8b832f5c-8ef0-4a17-aead-da2f8e54a0da:b7dffbaea0b94960a50460500d725405
[I 13:16:50.260 NotebookApp] Replaying 5 buffered messages
[IPKernelApp] WARNING | No such comm: b4358bba1deb4723b8f638ec693c85c4
[IPKernelApp] WARNING | No such comm: aca23c056df247e8bfd176c306d5220e
[IPKernelApp] WARNING | No such comm: 6ac924973cdc49728ec24d6acce04142
[IPKernelApp] WARNING | No such comm: cb23d97f9572415ba82799d5811a068b
[I 13:18:44.471 NotebookApp] Saving file at /notebooks/sim_trade_analyzer.ipynb
[I 13:20:44.400 NotebookApp] Saving file at /notebooks/sim_trade_analyzer.ipynb
[I 20:43:38.672 NotebookApp] Starting buffering for 8b832f5c-8ef0-4a17-aead-da2f8e54a0da:b7dffbaea0b94960a50460500d725405
[I 21:23:34.480 NotebookApp] Restoring connection for 8b832f5c-8ef0-4a17-aead-da2f8e54a0da:b7dffbaea0b94960a50460500d725405
[IPKernelApp] WARNING | No such comm: c5618e78c7f849c8b204f7174a0394ca
[IPKernelApp] WARNING | No such comm: c5618e78c7f849c8b204f7174a0394ca
[IPKernelApp] WARNING | No such comm: fe6c6e2ad7124cd38193381ba5c55bb9
[IPKernelApp] WARNING | No such comm: c5618e78c7f849c8b204f7174a0394ca
[IPKernelApp] WARNING | No such comm: fe6c6e2ad7124cd38193381ba5c55bb9
[IPKernelApp] WARNING | No such comm: 019582164af74f2f8f723af56548a9ef
[I 21:52:55.388 NotebookApp] Saving file at /notebooks/sim_trade_analyzer.ipynb
[IPKernelApp] WARNING | No such comm: c5618e78c7f849c8b204f7174a0394ca
[IPKernelApp] WARNING | No such comm: fe6c6e2ad7124cd38193381ba5c55bb9
[IPKernelApp] WARNING | No such comm: 019582164af74f2f8f723af56548a9ef
[IPKernelApp] WARNING | No such comm: 831e374ef921471b8dfb72c75dd45fad
[IPKernelApp] WARNING | No such comm: c5618e78c7f849c8b204f7174a0394ca
[IPKernelApp] WARNING | No such comm: fe6c6e2ad7124cd38193381ba5c55bb9
[IPKernelApp] WARNING | No such comm: 019582164af74f2f8f723af56548a9ef
[IPKernelApp] WARNING | No such comm: 831e374ef921471b8dfb72c75dd45fad
[IPKernelApp] WARNING | No such comm: 25a64002ed044259986ba364bbe898b4
[I 21:54:55.443 NotebookApp] Saving file at /notebooks/sim_trade_analyzer.ipynb
[I 21:56:55.424 NotebookApp] Saving file at /notebooks/sim_trade_analyzer.ipynb
[IPKernelApp] WARNING | No such comm: c6620e62b4b64231b661c2c98192b1c2
[IPKernelApp] WARNING | No such comm: c5618e78c7f849c8b204f7174a0394ca
[IPKernelApp] WARNING | No such comm: fe6c6e2ad7124cd38193381ba5c55bb9
[IPKernelApp] WARNING | No such comm: 019582164af74f2f8f723af56548a9ef
[IPKernelApp] WARNING | No such comm: 831e374ef921471b8dfb72c75dd45fad
[IPKernelApp] WARNING | No such comm: 25a64002ed044259986ba364bbe898b4
[IPKernelApp] WARNING | No such comm: 0d7eb8e321734f62b83244615b629f48
[I 21:58:55.528 NotebookApp] Saving file at /notebooks/sim_trade_analyzer.ipynb
[I 21:59:53.391 NotebookApp] Starting buffering for 8b832f5c-8ef0-4a17-aead-da2f8e54a0da:b7dffbaea0b94960a50460500d725405
[I 22:00:02.245 NotebookApp] Restoring connection for 8b832f5c-8ef0-4a17-aead-da2f8e54a0da:b7dffbaea0b94960a50460500d725405
[IPKernelApp] WARNING | No such comm: c6620e62b4b64231b661c2c98192b1c2
[IPKernelApp] WARNING | No such comm: 3d682704a74144ddb2d7fee16211f888
[IPKernelApp] WARNING | No such comm: c6620e62b4b64231b661c2c98192b1c2
[IPKernelApp] WARNING | No such comm: 3d682704a74144ddb2d7fee16211f888
[IPKernelApp] WARNING | No such comm: 1aab98f1823e424e887372e54f4169f2
[IPKernelApp] WARNING | No such comm: c6620e62b4b64231b661c2c98192b1c2
[IPKernelApp] WARNING | No such comm: 3d682704a74144ddb2d7fee16211f888
[IPKernelApp] WARNING | No such comm: 1aab98f1823e424e887372e54f4169f2
[IPKernelApp] WARNING | No such comm: 5d432a168936435383e96b8eaa2d4acc
[IPKernelApp] WARNING | No such comm: c5618e78c7f849c8b204f7174a0394ca
[IPKernelApp] WARNING | No such comm: fe6c6e2ad7124cd38193381ba5c55bb9
[IPKernelApp] WARNING | No such comm: 019582164af74f2f8f723af56548a9ef
[IPKernelApp] WARNING | No such comm: 831e374ef921471b8dfb72c75dd45fad
[IPKernelApp] WARNING | No such comm: 25a64002ed044259986ba364bbe898b4
[IPKernelApp] WARNING | No such comm: 0d7eb8e321734f62b83244615b629f48
[IPKernelApp] WARNING | No such comm: 916df6a0b680425e9e430d2cce592fab
[IPKernelApp] WARNING | No such comm: 304b8686cc704fb5803d56f8657ebfda
[IPKernelApp] WARNING | No such comm: 304b8686cc704fb5803d56f8657ebfda
[IPKernelApp] WARNING | No such comm: a90c169b55614297960eb971c0d8e1bd
[IPKernelApp] WARNING | No such comm: c5618e78c7f849c8b204f7174a0394ca
[IPKernelApp] WARNING | No such comm: fe6c6e2ad7124cd38193381ba5c55bb9
[IPKernelApp] WARNING | No such comm: 019582164af74f2f8f723af56548a9ef
[IPKernelApp] WARNING | No such comm: 831e374ef921471b8dfb72c75dd45fad
[IPKernelApp] WARNING | No such comm: 25a64002ed044259986ba364bbe898b4
[IPKernelApp] WARNING | No such comm: 0d7eb8e321734f62b83244615b629f48
[IPKernelApp] WARNING | No such comm: 916df6a0b680425e9e430d2cce592fab
[IPKernelApp] WARNING | No such comm: 1503f51ffe2648c39b5ed9d6d0b0d496
[I 22:01:36.497 NotebookApp] Saving file at /notebooks/sim_trade_analyzer.ipynb
[IPKernelApp] WARNING | No such comm: c6620e62b4b64231b661c2c98192b1c2
[IPKernelApp] WARNING | No such comm: 3d682704a74144ddb2d7fee16211f888
[IPKernelApp] WARNING | No such comm: 1aab98f1823e424e887372e54f4169f2
[IPKernelApp] WARNING | No such comm: 5d432a168936435383e96b8eaa2d4acc
[IPKernelApp] WARNING | No such comm: 3458b35ccc8b471eb8418024311161c8
[IPKernelApp] WARNING | No such comm: c5618e78c7f849c8b204f7174a0394ca
[IPKernelApp] WARNING | No such comm: fe6c6e2ad7124cd38193381ba5c55bb9
[IPKernelApp] WARNING | No such comm: 019582164af74f2f8f723af56548a9ef
[IPKernelApp] WARNING | No such comm: 831e374ef921471b8dfb72c75dd45fad
[IPKernelApp] WARNING | No such comm: 25a64002ed044259986ba364bbe898b4
[IPKernelApp] WARNING | No such comm: 0d7eb8e321734f62b83244615b629f48
[IPKernelApp] WARNING | No such comm: 916df6a0b680425e9e430d2cce592fab
[IPKernelApp] WARNING | No such comm: 1503f51ffe2648c39b5ed9d6d0b0d496
[IPKernelApp] WARNING | No such comm: 304b8686cc704fb5803d56f8657ebfda
[IPKernelApp] WARNING | No such comm: a90c169b55614297960eb971c0d8e1bd
[I 22:05:36.480 NotebookApp] Saving file at /notebooks/sim_trade_analyzer.ipynb
[I 23:13:51.150 NotebookApp] Starting buffering for 8b832f5c-8ef0-4a17-aead-da2f8e54a0da:b7dffbaea0b94960a50460500d725405
[I 23:29:19.711 NotebookApp] Restoring connection for 8b832f5c-8ef0-4a17-aead-da2f8e54a0da:b7dffbaea0b94960a50460500d725405
[I 23:36:08.637 NotebookApp] Starting buffering for 8b832f5c-8ef0-4a17-aead-da2f8e54a0da:b7dffbaea0b94960a50460500d725405
[I 23:36:34.049 NotebookApp] Restoring connection for 8b832f5c-8ef0-4a17-aead-da2f8e54a0da:b7dffbaea0b94960a50460500d725405
[I 00:22:52.956 NotebookApp] Starting buffering for 8b832f5c-8ef0-4a17-aead-da2f8e54a0da:b7dffbaea0b94960a50460500d725405
[I 00:38:11.694 NotebookApp] Restoring connection for 8b832f5c-8ef0-4a17-aead-da2f8e54a0da:b7dffbaea0b94960a50460500d725405
[I 03:55:30.605 NotebookApp] Starting buffering for 8b832f5c-8ef0-4a17-aead-da2f8e54a0da:b7dffbaea0b94960a50460500d725405
[I 05:04:00.551 NotebookApp] Restoring connection for 8b832f5c-8ef0-4a17-aead-da2f8e54a0da:b7dffbaea0b94960a50460500d725405
[I 05:46:49.473 NotebookApp] Starting buffering for 8b832f5c-8ef0-4a17-aead-da2f8e54a0da:b7dffbaea0b94960a50460500d725405
[I 06:50:09.049 NotebookApp] Restoring connection for 8b832f5c-8ef0-4a17-aead-da2f8e54a0da:b7dffbaea0b94960a50460500d725405
[I 07:33:57.956 NotebookApp] Starting buffering for 8b832f5c-8ef0-4a17-aead-da2f8e54a0da:b7dffbaea0b94960a50460500d725405
[I 08:55:20.366 NotebookApp] Restoring connection for 8b832f5c-8ef0-4a17-aead-da2f8e54a0da:b7dffbaea0b94960a50460500d725405
[I 09:38:09.279 NotebookApp] Starting buffering for 8b832f5c-8ef0-4a17-aead-da2f8e54a0da:b7dffbaea0b94960a50460500d725405
[I 09:45:48.366 NotebookApp] Restoring connection for 8b832f5c-8ef0-4a17-aead-da2f8e54a0da:b7dffbaea0b94960a50460500d725405
[IPKernelApp] WARNING | No such comm: c6620e62b4b64231b661c2c98192b1c2
[IPKernelApp] WARNING | No such comm: 3d682704a74144ddb2d7fee16211f888
[IPKernelApp] WARNING | No such comm: 1aab98f1823e424e887372e54f4169f2
[IPKernelApp] WARNING | No such comm: 5d432a168936435383e96b8eaa2d4acc
[IPKernelApp] WARNING | No such comm: 3458b35ccc8b471eb8418024311161c8
[IPKernelApp] WARNING | No such comm: 9dab9d35db8c42499f6e226158eef777
[IPKernelApp] WARNING | No such comm: c5618e78c7f849c8b204f7174a0394ca
[IPKernelApp] WARNING | No such comm: fe6c6e2ad7124cd38193381ba5c55bb9
[IPKernelApp] WARNING | No such comm: 019582164af74f2f8f723af56548a9ef
[IPKernelApp] WARNING | No such comm: 831e374ef921471b8dfb72c75dd45fad
[IPKernelApp] WARNING | No such comm: 25a64002ed044259986ba364bbe898b4
[IPKernelApp] WARNING | No such comm: 0d7eb8e321734f62b83244615b629f48
[IPKernelApp] WARNING | No such comm: 916df6a0b680425e9e430d2cce592fab
[IPKernelApp] WARNING | No such comm: 1503f51ffe2648c39b5ed9d6d0b0d496
[IPKernelApp] WARNING | No such comm: cf0715ea49ba440c96a86b9c5bf295b5
[IPKernelApp] WARNING | No such comm: 304b8686cc704fb5803d56f8657ebfda
[IPKernelApp] WARNING | No such comm: a90c169b55614297960eb971c0d8e1bd
[IPKernelApp] WARNING | No such comm: df4fa9f8cdea4ee5806832ae4b7aceea
[I 12:58:52.369 NotebookApp] Saving file at /notebooks/sim_trade_analyzer.ipynb
[I 13:00:52.370 NotebookApp] Saving file at /notebooks/sim_trade_analyzer.ipynb
[IPKernelApp] WARNING | No such comm: c6620e62b4b64231b661c2c98192b1c2
[IPKernelApp] WARNING | No such comm: 3d682704a74144ddb2d7fee16211f888
[IPKernelApp] WARNING | No such comm: 1aab98f1823e424e887372e54f4169f2
[IPKernelApp] WARNING | No such comm: 5d432a168936435383e96b8eaa2d4acc
[IPKernelApp] WARNING | No such comm: 3458b35ccc8b471eb8418024311161c8
[IPKernelApp] WARNING | No such comm: 9dab9d35db8c42499f6e226158eef777
[IPKernelApp] WARNING | No such comm: 0e33d53c557841e19fcc26f28a5925e7
[IPKernelApp] WARNING | No such comm: c5618e78c7f849c8b204f7174a0394ca
[IPKernelApp] WARNING | No such comm: fe6c6e2ad7124cd38193381ba5c55bb9
[IPKernelApp] WARNING | No such comm: 019582164af74f2f8f723af56548a9ef
[IPKernelApp] WARNING | No such comm: 831e374ef921471b8dfb72c75dd45fad
[IPKernelApp] WARNING | No such comm: 25a64002ed044259986ba364bbe898b4
[IPKernelApp] WARNING | No such comm: 0d7eb8e321734f62b83244615b629f48
[IPKernelApp] WARNING | No such comm: 916df6a0b680425e9e430d2cce592fab
[IPKernelApp] WARNING | No such comm: 1503f51ffe2648c39b5ed9d6d0b0d496
[IPKernelApp] WARNING | No such comm: cf0715ea49ba440c96a86b9c5bf295b5
[IPKernelApp] WARNING | No such comm: c7780e1c63914d32a2f5b077367f8aa6
[I 16:50:52.885 NotebookApp] Saving file at /notebooks/sim_trade_analyzer.ipynb
[IPKernelApp] WARNING | No such comm: 304b8686cc704fb5803d56f8657ebfda
[IPKernelApp] WARNING | No such comm: a90c169b55614297960eb971c0d8e1bd
[IPKernelApp] WARNING | No such comm: df4fa9f8cdea4ee5806832ae4b7aceea
[IPKernelApp] WARNING | No such comm: 121b4484c4c3457a86a0b9af42e935ef
[IPKernelApp] WARNING | No such comm: c6620e62b4b64231b661c2c98192b1c2
[IPKernelApp] WARNING | No such comm: 3d682704a74144ddb2d7fee16211f888
[IPKernelApp] WARNING | No such comm: 1aab98f1823e424e887372e54f4169f2
[IPKernelApp] WARNING | No such comm: 5d432a168936435383e96b8eaa2d4acc
[IPKernelApp] WARNING | No such comm: 3458b35ccc8b471eb8418024311161c8
[IPKernelApp] WARNING | No such comm: 9dab9d35db8c42499f6e226158eef777
[IPKernelApp] WARNING | No such comm: 0e33d53c557841e19fcc26f28a5925e7
[IPKernelApp] WARNING | No such comm: 43e1c012985947ada48b6046bd3b362a
[IPKernelApp] WARNING | No such comm: c6620e62b4b64231b661c2c98192b1c2
[IPKernelApp] WARNING | No such comm: 3d682704a74144ddb2d7fee16211f888
[IPKernelApp] WARNING | No such comm: 1aab98f1823e424e887372e54f4169f2
[IPKernelApp] WARNING | No such comm: 5d432a168936435383e96b8eaa2d4acc
[IPKernelApp] WARNING | No such comm: 3458b35ccc8b471eb8418024311161c8
[IPKernelApp] WARNING | No such comm: 9dab9d35db8c42499f6e226158eef777
[IPKernelApp] WARNING | No such comm: 0e33d53c557841e19fcc26f28a5925e7
[IPKernelApp] WARNING | No such comm: 43e1c012985947ada48b6046bd3b362a
[IPKernelApp] WARNING | No such comm: 8c370a0e47084b8282bc77d2c6a8f27f
[IPKernelApp] WARNING | No such comm: c5618e78c7f849c8b204f7174a0394ca
[IPKernelApp] WARNING | No such comm: fe6c6e2ad7124cd38193381ba5c55bb9
[IPKernelApp] WARNING | No such comm: 019582164af74f2f8f723af56548a9ef
[IPKernelApp] WARNING | No such comm: 831e374ef921471b8dfb72c75dd45fad
[IPKernelApp] WARNING | No such comm: 25a64002ed044259986ba364bbe898b4
[IPKernelApp] WARNING | No such comm: 0d7eb8e321734f62b83244615b629f48
[IPKernelApp] WARNING | No such comm: 916df6a0b680425e9e430d2cce592fab
[IPKernelApp] WARNING | No such comm: 1503f51ffe2648c39b5ed9d6d0b0d496
[IPKernelApp] WARNING | No such comm: cf0715ea49ba440c96a86b9c5bf295b5
[IPKernelApp] WARNING | No such comm: c7780e1c63914d32a2f5b077367f8aa6
[IPKernelApp] WARNING | No such comm: 268ad4685c88482d81b701f1bd7ede44
[IPKernelApp] WARNING | No such comm: 304b8686cc704fb5803d56f8657ebfda
[IPKernelApp] WARNING | No such comm: a90c169b55614297960eb971c0d8e1bd
[IPKernelApp] WARNING | No such comm: df4fa9f8cdea4ee5806832ae4b7aceea
[IPKernelApp] WARNING | No such comm: 121b4484c4c3457a86a0b9af42e935ef
[IPKernelApp] WARNING | No such comm: ea258d15743041b2b9895efc2ec1c1d3
[IPKernelApp] WARNING | No such comm: c6620e62b4b64231b661c2c98192b1c2
[IPKernelApp] WARNING | No such comm: 3d682704a74144ddb2d7fee16211f888
[IPKernelApp] WARNING | No such comm: 1aab98f1823e424e887372e54f4169f2
[IPKernelApp] WARNING | No such comm: 5d432a168936435383e96b8eaa2d4acc
[IPKernelApp] WARNING | No such comm: 3458b35ccc8b471eb8418024311161c8
[IPKernelApp] WARNING | No such comm: 9dab9d35db8c42499f6e226158eef777
[IPKernelApp] WARNING | No such comm: 0e33d53c557841e19fcc26f28a5925e7
[IPKernelApp] WARNING | No such comm: 43e1c012985947ada48b6046bd3b362a
[IPKernelApp] WARNING | No such comm: 8c370a0e47084b8282bc77d2c6a8f27f
[IPKernelApp] WARNING | No such comm: d4e24dfa047a4e3686658e0c8e04467c
[IPKernelApp] WARNING | No such comm: c5618e78c7f849c8b204f7174a0394ca
[IPKernelApp] WARNING | No such comm: fe6c6e2ad7124cd38193381ba5c55bb9
[IPKernelApp] WARNING | No such comm: 019582164af74f2f8f723af56548a9ef
[IPKernelApp] WARNING | No such comm: 831e374ef921471b8dfb72c75dd45fad
[IPKernelApp] WARNING | No such comm: 25a64002ed044259986ba364bbe898b4
[IPKernelApp] WARNING | No such comm: 0d7eb8e321734f62b83244615b629f48
[IPKernelApp] WARNING | No such comm: 916df6a0b680425e9e430d2cce592fab
[IPKernelApp] WARNING | No such comm: 1503f51ffe2648c39b5ed9d6d0b0d496
[IPKernelApp] WARNING | No such comm: cf0715ea49ba440c96a86b9c5bf295b5
[IPKernelApp] WARNING | No such comm: c7780e1c63914d32a2f5b077367f8aa6
[IPKernelApp] WARNING | No such comm: 268ad4685c88482d81b701f1bd7ede44
[IPKernelApp] WARNING | No such comm: c5fee55e00954a128882ed4e454f41fe
[I 16:52:52.898 NotebookApp] Saving file at /notebooks/sim_trade_analyzer.ipynb
[IPKernelApp] WARNING | No such comm: c6620e62b4b64231b661c2c98192b1c2
[IPKernelApp] WARNING | No such comm: 3d682704a74144ddb2d7fee16211f888
[IPKernelApp] WARNING | No such comm: 1aab98f1823e424e887372e54f4169f2
[IPKernelApp] WARNING | No such comm: 5d432a168936435383e96b8eaa2d4acc
[IPKernelApp] WARNING | No such comm: 3458b35ccc8b471eb8418024311161c8
[IPKernelApp] WARNING | No such comm: 9dab9d35db8c42499f6e226158eef777
[IPKernelApp] WARNING | No such comm: 0e33d53c557841e19fcc26f28a5925e7
[IPKernelApp] WARNING | No such comm: 43e1c012985947ada48b6046bd3b362a
[IPKernelApp] WARNING | No such comm: 8c370a0e47084b8282bc77d2c6a8f27f
[IPKernelApp] WARNING | No such comm: d4e24dfa047a4e3686658e0c8e04467c
[IPKernelApp] WARNING | No such comm: d48d23ac09fa4c48be82a8d833591a1c
[IPKernelApp] WARNING | No such comm: c5618e78c7f849c8b204f7174a0394ca
[IPKernelApp] WARNING | No such comm: fe6c6e2ad7124cd38193381ba5c55bb9
[IPKernelApp] WARNING | No such comm: 019582164af74f2f8f723af56548a9ef
[IPKernelApp] WARNING | No such comm: 831e374ef921471b8dfb72c75dd45fad
[IPKernelApp] WARNING | No such comm: 25a64002ed044259986ba364bbe898b4
[IPKernelApp] WARNING | No such comm: 0d7eb8e321734f62b83244615b629f48
[IPKernelApp] WARNING | No such comm: 916df6a0b680425e9e430d2cce592fab
[IPKernelApp] WARNING | No such comm: 1503f51ffe2648c39b5ed9d6d0b0d496
[IPKernelApp] WARNING | No such comm: cf0715ea49ba440c96a86b9c5bf295b5
[IPKernelApp] WARNING | No such comm: c7780e1c63914d32a2f5b077367f8aa6
[IPKernelApp] WARNING | No such comm: 268ad4685c88482d81b701f1bd7ede44
[IPKernelApp] WARNING | No such comm: c5fee55e00954a128882ed4e454f41fe
[IPKernelApp] WARNING | No such comm: ed2da626c7a94034b1726d5ae276ff23
[IPKernelApp] WARNING | No such comm: 304b8686cc704fb5803d56f8657ebfda
[IPKernelApp] WARNING | No such comm: a90c169b55614297960eb971c0d8e1bd
[IPKernelApp] WARNING | No such comm: df4fa9f8cdea4ee5806832ae4b7aceea
[IPKernelApp] WARNING | No such comm: 121b4484c4c3457a86a0b9af42e935ef
[IPKernelApp] WARNING | No such comm: ea258d15743041b2b9895efc2ec1c1d3
[IPKernelApp] WARNING | No such comm: 34dfa403a6cb4f77bd98ba42e77848c7
[IPKernelApp] WARNING | No such comm: c6620e62b4b64231b661c2c98192b1c2
[IPKernelApp] WARNING | No such comm: 3d682704a74144ddb2d7fee16211f888
[IPKernelApp] WARNING | No such comm: 1aab98f1823e424e887372e54f4169f2
[IPKernelApp] WARNING | No such comm: 5d432a168936435383e96b8eaa2d4acc
[IPKernelApp] WARNING | No such comm: 3458b35ccc8b471eb8418024311161c8
[IPKernelApp] WARNING | No such comm: 9dab9d35db8c42499f6e226158eef777
[IPKernelApp] WARNING | No such comm: 0e33d53c557841e19fcc26f28a5925e7
[IPKernelApp] WARNING | No such comm: 43e1c012985947ada48b6046bd3b362a
[IPKernelApp] WARNING | No such comm: 8c370a0e47084b8282bc77d2c6a8f27f
[IPKernelApp] WARNING | No such comm: d4e24dfa047a4e3686658e0c8e04467c
[IPKernelApp] WARNING | No such comm: d48d23ac09fa4c48be82a8d833591a1c
[IPKernelApp] WARNING | No such comm: eb1db56b15e243ed8649ab65558d57fc
[I 16:54:52.902 NotebookApp] Saving file at /notebooks/sim_trade_analyzer.ipynb
[IPKernelApp] WARNING | No such comm: c6620e62b4b64231b661c2c98192b1c2
[IPKernelApp] WARNING | No such comm: 3d682704a74144ddb2d7fee16211f888
[IPKernelApp] WARNING | No such comm: 1aab98f1823e424e887372e54f4169f2
[IPKernelApp] WARNING | No such comm: 5d432a168936435383e96b8eaa2d4acc
[IPKernelApp] WARNING | No such comm: 3458b35ccc8b471eb8418024311161c8
[IPKernelApp] WARNING | No such comm: 9dab9d35db8c42499f6e226158eef777
[IPKernelApp] WARNING | No such comm: 0e33d53c557841e19fcc26f28a5925e7
[IPKernelApp] WARNING | No such comm: 43e1c012985947ada48b6046bd3b362a
[IPKernelApp] WARNING | No such comm: 8c370a0e47084b8282bc77d2c6a8f27f
[IPKernelApp] WARNING | No such comm: d4e24dfa047a4e3686658e0c8e04467c
[IPKernelApp] WARNING | No such comm: d48d23ac09fa4c48be82a8d833591a1c
[IPKernelApp] WARNING | No such comm: eb1db56b15e243ed8649ab65558d57fc
[IPKernelApp] WARNING | No such comm: 2708ad92bc7b4e9ab5644fff6a695a08
[IPKernelApp] WARNING | No such comm: c5618e78c7f849c8b204f7174a0394ca
[IPKernelApp] WARNING | No such comm: fe6c6e2ad7124cd38193381ba5c55bb9
[IPKernelApp] WARNING | No such comm: 019582164af74f2f8f723af56548a9ef
[IPKernelApp] WARNING | No such comm: 831e374ef921471b8dfb72c75dd45fad
[IPKernelApp] WARNING | No such comm: 25a64002ed044259986ba364bbe898b4
[IPKernelApp] WARNING | No such comm: 0d7eb8e321734f62b83244615b629f48
[IPKernelApp] WARNING | No such comm: 916df6a0b680425e9e430d2cce592fab
[IPKernelApp] WARNING | No such comm: 1503f51ffe2648c39b5ed9d6d0b0d496
[IPKernelApp] WARNING | No such comm: cf0715ea49ba440c96a86b9c5bf295b5
[IPKernelApp] WARNING | No such comm: c7780e1c63914d32a2f5b077367f8aa6
[IPKernelApp] WARNING | No such comm: 268ad4685c88482d81b701f1bd7ede44
[IPKernelApp] WARNING | No such comm: c5fee55e00954a128882ed4e454f41fe
[IPKernelApp] WARNING | No such comm: ed2da626c7a94034b1726d5ae276ff23
[IPKernelApp] WARNING | No such comm: 0ae30683012f45aa9f3d904f9aff3570
[I 16:56:52.900 NotebookApp] Saving file at /notebooks/sim_trade_analyzer.ipynb
[IPKernelApp] WARNING | No such comm: c6620e62b4b64231b661c2c98192b1c2
[IPKernelApp] WARNING | No such comm: 3d682704a74144ddb2d7fee16211f888
[IPKernelApp] WARNING | No such comm: 1aab98f1823e424e887372e54f4169f2
[IPKernelApp] WARNING | No such comm: 5d432a168936435383e96b8eaa2d4acc
[IPKernelApp] WARNING | No such comm: 3458b35ccc8b471eb8418024311161c8
[IPKernelApp] WARNING | No such comm: 9dab9d35db8c42499f6e226158eef777
[IPKernelApp] WARNING | No such comm: 0e33d53c557841e19fcc26f28a5925e7
[IPKernelApp] WARNING | No such comm: 43e1c012985947ada48b6046bd3b362a
[IPKernelApp] WARNING | No such comm: 8c370a0e47084b8282bc77d2c6a8f27f
[IPKernelApp] WARNING | No such comm: d4e24dfa047a4e3686658e0c8e04467c
[IPKernelApp] WARNING | No such comm: d48d23ac09fa4c48be82a8d833591a1c
[IPKernelApp] WARNING | No such comm: eb1db56b15e243ed8649ab65558d57fc
[IPKernelApp] WARNING | No such comm: 2708ad92bc7b4e9ab5644fff6a695a08
[IPKernelApp] WARNING | No such comm: b9d7b4ca2cff4859bb4c2ea7498318a2
[IPKernelApp] WARNING | No such comm: c6620e62b4b64231b661c2c98192b1c2
[IPKernelApp] WARNING | No such comm: 3d682704a74144ddb2d7fee16211f888
[IPKernelApp] WARNING | No such comm: 1aab98f1823e424e887372e54f4169f2
[IPKernelApp] WARNING | No such comm: 5d432a168936435383e96b8eaa2d4acc
[IPKernelApp] WARNING | No such comm: 3458b35ccc8b471eb8418024311161c8
[IPKernelApp] WARNING | No such comm: 9dab9d35db8c42499f6e226158eef777
[IPKernelApp] WARNING | No such comm: 0e33d53c557841e19fcc26f28a5925e7
[IPKernelApp] WARNING | No such comm: 43e1c012985947ada48b6046bd3b362a
[IPKernelApp] WARNING | No such comm: 8c370a0e47084b8282bc77d2c6a8f27f
[IPKernelApp] WARNING | No such comm: d4e24dfa047a4e3686658e0c8e04467c
[IPKernelApp] WARNING | No such comm: d48d23ac09fa4c48be82a8d833591a1c
[IPKernelApp] WARNING | No such comm: eb1db56b15e243ed8649ab65558d57fc
[IPKernelApp] WARNING | No such comm: 2708ad92bc7b4e9ab5644fff6a695a08
[IPKernelApp] WARNING | No such comm: b9d7b4ca2cff4859bb4c2ea7498318a2
[IPKernelApp] WARNING | No such comm: 5ddd6173a1c849ebb2e80e5b71379023
[IPKernelApp] WARNING | No such comm: c5618e78c7f849c8b204f7174a0394ca
[IPKernelApp] WARNING | No such comm: fe6c6e2ad7124cd38193381ba5c55bb9
[IPKernelApp] WARNING | No such comm: 019582164af74f2f8f723af56548a9ef
[IPKernelApp] WARNING | No such comm: 831e374ef921471b8dfb72c75dd45fad
[IPKernelApp] WARNING | No such comm: 25a64002ed044259986ba364bbe898b4
[IPKernelApp] WARNING | No such comm: 0d7eb8e321734f62b83244615b629f48
[IPKernelApp] WARNING | No such comm: 916df6a0b680425e9e430d2cce592fab
[IPKernelApp] WARNING | No such comm: 1503f51ffe2648c39b5ed9d6d0b0d496
[IPKernelApp] WARNING | No such comm: cf0715ea49ba440c96a86b9c5bf295b5
[IPKernelApp] WARNING | No such comm: c7780e1c63914d32a2f5b077367f8aa6
[IPKernelApp] WARNING | No such comm: 268ad4685c88482d81b701f1bd7ede44
[IPKernelApp] WARNING | No such comm: c5fee55e00954a128882ed4e454f41fe
[IPKernelApp] WARNING | No such comm: ed2da626c7a94034b1726d5ae276ff23
[IPKernelApp] WARNING | No such comm: 0ae30683012f45aa9f3d904f9aff3570
[IPKernelApp] WARNING | No such comm: f6a180c08c9f444882f222a59e43945a
[IPKernelApp] WARNING | No such comm: 304b8686cc704fb5803d56f8657ebfda
[IPKernelApp] WARNING | No such comm: a90c169b55614297960eb971c0d8e1bd
[IPKernelApp] WARNING | No such comm: df4fa9f8cdea4ee5806832ae4b7aceea
[IPKernelApp] WARNING | No such comm: 121b4484c4c3457a86a0b9af42e935ef
[IPKernelApp] WARNING | No such comm: ea258d15743041b2b9895efc2ec1c1d3
[IPKernelApp] WARNING | No such comm: 34dfa403a6cb4f77bd98ba42e77848c7
[IPKernelApp] WARNING | No such comm: e527a9a61dad4bdfa69b358bfc1fc46e
[I 16:58:52.903 NotebookApp] Saving file at /notebooks/sim_trade_analyzer.ipynb
[IPKernelApp] WARNING | No such comm: 304b8686cc704fb5803d56f8657ebfda
[IPKernelApp] WARNING | No such comm: a90c169b55614297960eb971c0d8e1bd
[IPKernelApp] WARNING | No such comm: df4fa9f8cdea4ee5806832ae4b7aceea
[IPKernelApp] WARNING | No such comm: 121b4484c4c3457a86a0b9af42e935ef
[IPKernelApp] WARNING | No such comm: ea258d15743041b2b9895efc2ec1c1d3
[IPKernelApp] WARNING | No such comm: 34dfa403a6cb4f77bd98ba42e77848c7
[IPKernelApp] WARNING | No such comm: e527a9a61dad4bdfa69b358bfc1fc46e
[IPKernelApp] WARNING | No such comm: bf9a0bd8c0b040f3b22a9a12a7e41311
[I 17:04:52.915 NotebookApp] Saving file at /notebooks/sim_trade_analyzer.ipynb
[IPKernelApp] WARNING | No such comm: c6620e62b4b64231b661c2c98192b1c2
[IPKernelApp] WARNING | No such comm: 3d682704a74144ddb2d7fee16211f888
[IPKernelApp] WARNING | No such comm: 1aab98f1823e424e887372e54f4169f2
[IPKernelApp] WARNING | No such comm: 5d432a168936435383e96b8eaa2d4acc
[IPKernelApp] WARNING | No such comm: 3458b35ccc8b471eb8418024311161c8
[IPKernelApp] WARNING | No such comm: 9dab9d35db8c42499f6e226158eef777
[IPKernelApp] WARNING | No such comm: 0e33d53c557841e19fcc26f28a5925e7
[IPKernelApp] WARNING | No such comm: 43e1c012985947ada48b6046bd3b362a
[IPKernelApp] WARNING | No such comm: 8c370a0e47084b8282bc77d2c6a8f27f
[IPKernelApp] WARNING | No such comm: d4e24dfa047a4e3686658e0c8e04467c
[IPKernelApp] WARNING | No such comm: d48d23ac09fa4c48be82a8d833591a1c
[IPKernelApp] WARNING | No such comm: eb1db56b15e243ed8649ab65558d57fc
[IPKernelApp] WARNING | No such comm: 2708ad92bc7b4e9ab5644fff6a695a08
[IPKernelApp] WARNING | No such comm: b9d7b4ca2cff4859bb4c2ea7498318a2
[IPKernelApp] WARNING | No such comm: 5ddd6173a1c849ebb2e80e5b71379023
[IPKernelApp] WARNING | No such comm: a110049b9092434e9fd8b69ec3e20000
[IPKernelApp] WARNING | No such comm: c5618e78c7f849c8b204f7174a0394ca
[IPKernelApp] WARNING | No such comm: fe6c6e2ad7124cd38193381ba5c55bb9
[IPKernelApp] WARNING | No such comm: 019582164af74f2f8f723af56548a9ef
[IPKernelApp] WARNING | No such comm: 831e374ef921471b8dfb72c75dd45fad
[IPKernelApp] WARNING | No such comm: 25a64002ed044259986ba364bbe898b4
[IPKernelApp] WARNING | No such comm: 0d7eb8e321734f62b83244615b629f48
[IPKernelApp] WARNING | No such comm: 916df6a0b680425e9e430d2cce592fab
[IPKernelApp] WARNING | No such comm: 1503f51ffe2648c39b5ed9d6d0b0d496
[IPKernelApp] WARNING | No such comm: cf0715ea49ba440c96a86b9c5bf295b5
[IPKernelApp] WARNING | No such comm: c7780e1c63914d32a2f5b077367f8aa6
[IPKernelApp] WARNING | No such comm: 268ad4685c88482d81b701f1bd7ede44
[IPKernelApp] WARNING | No such comm: c5fee55e00954a128882ed4e454f41fe
[IPKernelApp] WARNING | No such comm: ed2da626c7a94034b1726d5ae276ff23
[IPKernelApp] WARNING | No such comm: 0ae30683012f45aa9f3d904f9aff3570
[IPKernelApp] WARNING | No such comm: f6a180c08c9f444882f222a59e43945a
[IPKernelApp] WARNING | No such comm: c647fe21c234487a91cfb64d0bd4ed51
[I 17:06:52.927 NotebookApp] Saving file at /notebooks/sim_trade_analyzer.ipynb
[I 21:08:53.422 NotebookApp] Saving file at /notebooks/sim_trade_analyzer.ipynb
[I 21:10:53.415 NotebookApp] Saving file at /notebooks/sim_trade_analyzer.ipynb
[IPKernelApp] WARNING | No such comm: c6620e62b4b64231b661c2c98192b1c2
[IPKernelApp] WARNING | No such comm: 3d682704a74144ddb2d7fee16211f888
[IPKernelApp] WARNING | No such comm: 1aab98f1823e424e887372e54f4169f2
[IPKernelApp] WARNING | No such comm: 5d432a168936435383e96b8eaa2d4acc
[IPKernelApp] WARNING | No such comm: 3458b35ccc8b471eb8418024311161c8
[IPKernelApp] WARNING | No such comm: 9dab9d35db8c42499f6e226158eef777
[IPKernelApp] WARNING | No such comm: 0e33d53c557841e19fcc26f28a5925e7
[IPKernelApp] WARNING | No such comm: 43e1c012985947ada48b6046bd3b362a
[IPKernelApp] WARNING | No such comm: 8c370a0e47084b8282bc77d2c6a8f27f
[IPKernelApp] WARNING | No such comm: d4e24dfa047a4e3686658e0c8e04467c
[IPKernelApp] WARNING | No such comm: d48d23ac09fa4c48be82a8d833591a1c
[IPKernelApp] WARNING | No such comm: eb1db56b15e243ed8649ab65558d57fc
[IPKernelApp] WARNING | No such comm: 2708ad92bc7b4e9ab5644fff6a695a08
[IPKernelApp] WARNING | No such comm: b9d7b4ca2cff4859bb4c2ea7498318a2
[IPKernelApp] WARNING | No such comm: 5ddd6173a1c849ebb2e80e5b71379023
[IPKernelApp] WARNING | No such comm: a110049b9092434e9fd8b69ec3e20000
[IPKernelApp] WARNING | No such comm: 354acd42cc804b6d82696e3d42375702
[IPKernelApp] WARNING | No such comm: c5618e78c7f849c8b204f7174a0394ca
[IPKernelApp] WARNING | No such comm: fe6c6e2ad7124cd38193381ba5c55bb9
[IPKernelApp] WARNING | No such comm: 019582164af74f2f8f723af56548a9ef
[IPKernelApp] WARNING | No such comm: 831e374ef921471b8dfb72c75dd45fad
[IPKernelApp] WARNING | No such comm: 25a64002ed044259986ba364bbe898b4
[IPKernelApp] WARNING | No such comm: 0d7eb8e321734f62b83244615b629f48
[IPKernelApp] WARNING | No such comm: 916df6a0b680425e9e430d2cce592fab
[IPKernelApp] WARNING | No such comm: 1503f51ffe2648c39b5ed9d6d0b0d496
[IPKernelApp] WARNING | No such comm: cf0715ea49ba440c96a86b9c5bf295b5
[IPKernelApp] WARNING | No such comm: c7780e1c63914d32a2f5b077367f8aa6
[IPKernelApp] WARNING | No such comm: 268ad4685c88482d81b701f1bd7ede44
[IPKernelApp] WARNING | No such comm: c5fee55e00954a128882ed4e454f41fe
[IPKernelApp] WARNING | No such comm: ed2da626c7a94034b1726d5ae276ff23
[IPKernelApp] WARNING | No such comm: 0ae30683012f45aa9f3d904f9aff3570
[IPKernelApp] WARNING | No such comm: f6a180c08c9f444882f222a59e43945a
[IPKernelApp] WARNING | No such comm: c647fe21c234487a91cfb64d0bd4ed51
[IPKernelApp] WARNING | No such comm: a9fa6b51acee45b18a29dfbab112d1c0
[IPKernelApp] WARNING | No such comm: 304b8686cc704fb5803d56f8657ebfda
[IPKernelApp] WARNING | No such comm: a90c169b55614297960eb971c0d8e1bd
[IPKernelApp] WARNING | No such comm: df4fa9f8cdea4ee5806832ae4b7aceea
[IPKernelApp] WARNING | No such comm: 121b4484c4c3457a86a0b9af42e935ef
[IPKernelApp] WARNING | No such comm: ea258d15743041b2b9895efc2ec1c1d3
[IPKernelApp] WARNING | No such comm: 34dfa403a6cb4f77bd98ba42e77848c7
[IPKernelApp] WARNING | No such comm: e527a9a61dad4bdfa69b358bfc1fc46e
[IPKernelApp] WARNING | No such comm: bf9a0bd8c0b040f3b22a9a12a7e41311
[IPKernelApp] WARNING | No such comm: 3726745a1bd544afa85ced63b983d84c
[I 21:12:53.410 NotebookApp] Saving file at /notebooks/sim_trade_analyzer.ipynb
[IPKernelApp] WARNING | No such comm: c6620e62b4b64231b661c2c98192b1c2
[IPKernelApp] WARNING | No such comm: 3d682704a74144ddb2d7fee16211f888
[IPKernelApp] WARNING | No such comm: 1aab98f1823e424e887372e54f4169f2
[IPKernelApp] WARNING | No such comm: 5d432a168936435383e96b8eaa2d4acc
[IPKernelApp] WARNING | No such comm: 3458b35ccc8b471eb8418024311161c8
[IPKernelApp] WARNING | No such comm: 9dab9d35db8c42499f6e226158eef777
[IPKernelApp] WARNING | No such comm: 0e33d53c557841e19fcc26f28a5925e7
[IPKernelApp] WARNING | No such comm: 43e1c012985947ada48b6046bd3b362a
[IPKernelApp] WARNING | No such comm: 8c370a0e47084b8282bc77d2c6a8f27f
[IPKernelApp] WARNING | No such comm: d4e24dfa047a4e3686658e0c8e04467c
[IPKernelApp] WARNING | No such comm: d48d23ac09fa4c48be82a8d833591a1c
[IPKernelApp] WARNING | No such comm: eb1db56b15e243ed8649ab65558d57fc
[IPKernelApp] WARNING | No such comm: 2708ad92bc7b4e9ab5644fff6a695a08
[IPKernelApp] WARNING | No such comm: b9d7b4ca2cff4859bb4c2ea7498318a2
[IPKernelApp] WARNING | No such comm: 5ddd6173a1c849ebb2e80e5b71379023
[IPKernelApp] WARNING | No such comm: a110049b9092434e9fd8b69ec3e20000
[IPKernelApp] WARNING | No such comm: 354acd42cc804b6d82696e3d42375702
[IPKernelApp] WARNING | No such comm: a43f7604b0c74335a5616584d2792219
[IPKernelApp] WARNING | No such comm: c5618e78c7f849c8b204f7174a0394ca
[IPKernelApp] WARNING | No such comm: fe6c6e2ad7124cd38193381ba5c55bb9
[IPKernelApp] WARNING | No such comm: 019582164af74f2f8f723af56548a9ef
[IPKernelApp] WARNING | No such comm: 831e374ef921471b8dfb72c75dd45fad
[IPKernelApp] WARNING | No such comm: 25a64002ed044259986ba364bbe898b4
[IPKernelApp] WARNING | No such comm: 0d7eb8e321734f62b83244615b629f48
[IPKernelApp] WARNING | No such comm: 916df6a0b680425e9e430d2cce592fab
[IPKernelApp] WARNING | No such comm: 1503f51ffe2648c39b5ed9d6d0b0d496
[IPKernelApp] WARNING | No such comm: cf0715ea49ba440c96a86b9c5bf295b5
[IPKernelApp] WARNING | No such comm: c7780e1c63914d32a2f5b077367f8aa6
[IPKernelApp] WARNING | No such comm: 268ad4685c88482d81b701f1bd7ede44
[IPKernelApp] WARNING | No such comm: c5fee55e00954a128882ed4e454f41fe
[IPKernelApp] WARNING | No such comm: ed2da626c7a94034b1726d5ae276ff23
[IPKernelApp] WARNING | No such comm: 0ae30683012f45aa9f3d904f9aff3570
[IPKernelApp] WARNING | No such comm: f6a180c08c9f444882f222a59e43945a
[IPKernelApp] WARNING | No such comm: c647fe21c234487a91cfb64d0bd4ed51
[IPKernelApp] WARNING | No such comm: a9fa6b51acee45b18a29dfbab112d1c0
[IPKernelApp] WARNING | No such comm: 9b42770890c24448a9c24513a4b9ef82
[IPKernelApp] WARNING | No such comm: 304b8686cc704fb5803d56f8657ebfda
[IPKernelApp] WARNING | No such comm: a90c169b55614297960eb971c0d8e1bd
[IPKernelApp] WARNING | No such comm: df4fa9f8cdea4ee5806832ae4b7aceea
[IPKernelApp] WARNING | No such comm: 121b4484c4c3457a86a0b9af42e935ef
[IPKernelApp] WARNING | No such comm: ea258d15743041b2b9895efc2ec1c1d3
[IPKernelApp] WARNING | No such comm: 34dfa403a6cb4f77bd98ba42e77848c7
[IPKernelApp] WARNING | No such comm: e527a9a61dad4bdfa69b358bfc1fc46e
[IPKernelApp] WARNING | No such comm: bf9a0bd8c0b040f3b22a9a12a7e41311
[IPKernelApp] WARNING | No such comm: 3726745a1bd544afa85ced63b983d84c
[IPKernelApp] WARNING | No such comm: bde4c857eb084411b007d9f90abeb847
[I 21:14:53.434 NotebookApp] Saving file at /notebooks/sim_trade_analyzer.ipynb
[I 22:49:37.297 NotebookApp] Starting buffering for 8b832f5c-8ef0-4a17-aead-da2f8e54a0da:b7dffbaea0b94960a50460500d725405
[I 22:57:16.473 NotebookApp] Restoring connection for 8b832f5c-8ef0-4a17-aead-da2f8e54a0da:b7dffbaea0b94960a50460500d725405
[I 23:53:05.377 NotebookApp] Starting buffering for 8b832f5c-8ef0-4a17-aead-da2f8e54a0da:b7dffbaea0b94960a50460500d725405
[I 23:53:33.743 NotebookApp] Restoring connection for 8b832f5c-8ef0-4a17-aead-da2f8e54a0da:b7dffbaea0b94960a50460500d725405
[I 23:55:22.675 NotebookApp] Starting buffering for 8b832f5c-8ef0-4a17-aead-da2f8e54a0da:b7dffbaea0b94960a50460500d725405
[I 00:30:21.707 NotebookApp] Restoring connection for 8b832f5c-8ef0-4a17-aead-da2f8e54a0da:b7dffbaea0b94960a50460500d725405
[I 00:31:10.623 NotebookApp] Starting buffering for 8b832f5c-8ef0-4a17-aead-da2f8e54a0da:b7dffbaea0b94960a50460500d725405
[I 00:50:52.977 NotebookApp] Restoring connection for 8b832f5c-8ef0-4a17-aead-da2f8e54a0da:b7dffbaea0b94960a50460500d725405
[I 01:51:53.053 NotebookApp] Starting buffering for 8b832f5c-8ef0-4a17-aead-da2f8e54a0da:b7dffbaea0b94960a50460500d725405
[I 01:51:58.274 NotebookApp] Restoring connection for 8b832f5c-8ef0-4a17-aead-da2f8e54a0da:b7dffbaea0b94960a50460500d725405
[I 02:20:17.398 NotebookApp] Starting buffering for 8b832f5c-8ef0-4a17-aead-da2f8e54a0da:b7dffbaea0b94960a50460500d725405
[I 02:20:38.061 NotebookApp] Restoring connection for 8b832f5c-8ef0-4a17-aead-da2f8e54a0da:b7dffbaea0b94960a50460500d725405
[I 02:21:26.988 NotebookApp] Starting buffering for 8b832f5c-8ef0-4a17-aead-da2f8e54a0da:b7dffbaea0b94960a50460500d725405
[I 02:57:22.677 NotebookApp] Restoring connection for 8b832f5c-8ef0-4a17-aead-da2f8e54a0da:b7dffbaea0b94960a50460500d725405
[I 03:38:41.593 NotebookApp] Starting buffering for 8b832f5c-8ef0-4a17-aead-da2f8e54a0da:b7dffbaea0b94960a50460500d725405
[I 06:03:24.801 NotebookApp] Restoring connection for 8b832f5c-8ef0-4a17-aead-da2f8e54a0da:b7dffbaea0b94960a50460500d725405
[I 06:51:43.715 NotebookApp] Starting buffering for 8b832f5c-8ef0-4a17-aead-da2f8e54a0da:b7dffbaea0b94960a50460500d725405
[I 08:31:51.661 NotebookApp] Restoring connection for 8b832f5c-8ef0-4a17-aead-da2f8e54a0da:b7dffbaea0b94960a50460500d725405
[I 09:45:47.642 NotebookApp] Kernel started: 5e019980-aa51-435c-ac48-e0da5a566df9, name: python3
[IPKernelApp] ERROR | No such comm target registered: jupyter.widget.control
[IPKernelApp] WARNING | No such comm: 9005e5b0-8437-4b3b-b7b1-41817064823a
[I 09:45:54.695 NotebookApp] Starting buffering for 5e019980-aa51-435c-ac48-e0da5a566df9:2751c73056af4592a41100cf2e4b9d49
[I 09:45:54.930 NotebookApp] Kernel restarted: 5e019980-aa51-435c-ac48-e0da5a566df9
[I 09:45:54.947 NotebookApp] Restoring connection for 5e019980-aa51-435c-ac48-e0da5a566df9:2751c73056af4592a41100cf2e4b9d49
[I 09:45:55.454 NotebookApp] Replaying 3 buffered messages
[I 09:47:47.646 NotebookApp] Saving file at /notebooks/feature_analyzer.ipynb
[I 09:53:47.684 NotebookApp] Saving file at /notebooks/feature_analyzer.ipynb
[I 09:55:47.661 NotebookApp] Saving file at /notebooks/feature_analyzer.ipynb
[I 09:59:47.734 NotebookApp] Saving file at /notebooks/feature_analyzer.ipynb
[I 10:01:47.710 NotebookApp] Saving file at /notebooks/feature_analyzer.ipynb
[I 10:03:47.702 NotebookApp] Saving file at /notebooks/feature_analyzer.ipynb
[I 10:05:47.694 NotebookApp] Saving file at /notebooks/feature_analyzer.ipynb
[I 10:07:47.707 NotebookApp] Saving file at /notebooks/feature_analyzer.ipynb
[I 11:34:40.450 NotebookApp] Starting buffering for 5e019980-aa51-435c-ac48-e0da5a566df9:2751c73056af4592a41100cf2e4b9d49
[I 11:34:41.401 NotebookApp] Kernel restarted: 5e019980-aa51-435c-ac48-e0da5a566df9
[I 11:34:41.419 NotebookApp] Restoring connection for 5e019980-aa51-435c-ac48-e0da5a566df9:2751c73056af4592a41100cf2e4b9d49
[I 11:34:41.905 NotebookApp] Replaying 5 buffered messages
[IPKernelApp] WARNING | No such comm: 226ec1ef2b504f53b0e71c8799fcc247
[I 11:35:37.088 NotebookApp] Saving file at /notebooks/sim_trade_analyzer.ipynb
[I 11:35:47.903 NotebookApp] Saving file at /notebooks/feature_analyzer.ipynb
[IPKernelApp] WARNING | No such comm: c6620e62b4b64231b661c2c98192b1c2
[IPKernelApp] WARNING | No such comm: 3d682704a74144ddb2d7fee16211f888
[IPKernelApp] WARNING | No such comm: 1aab98f1823e424e887372e54f4169f2
[IPKernelApp] WARNING | No such comm: 5d432a168936435383e96b8eaa2d4acc
[IPKernelApp] WARNING | No such comm: 3458b35ccc8b471eb8418024311161c8
[IPKernelApp] WARNING | No such comm: 9dab9d35db8c42499f6e226158eef777
[IPKernelApp] WARNING | No such comm: 0e33d53c557841e19fcc26f28a5925e7
[IPKernelApp] WARNING | No such comm: 43e1c012985947ada48b6046bd3b362a
[IPKernelApp] WARNING | No such comm: 8c370a0e47084b8282bc77d2c6a8f27f
[IPKernelApp] WARNING | No such comm: d4e24dfa047a4e3686658e0c8e04467c
[IPKernelApp] WARNING | No such comm: d48d23ac09fa4c48be82a8d833591a1c
[IPKernelApp] WARNING | No such comm: eb1db56b15e243ed8649ab65558d57fc
[IPKernelApp] WARNING | No such comm: 2708ad92bc7b4e9ab5644fff6a695a08
[IPKernelApp] WARNING | No such comm: b9d7b4ca2cff4859bb4c2ea7498318a2
[IPKernelApp] WARNING | No such comm: 5ddd6173a1c849ebb2e80e5b71379023
[IPKernelApp] WARNING | No such comm: a110049b9092434e9fd8b69ec3e20000
[IPKernelApp] WARNING | No such comm: 354acd42cc804b6d82696e3d42375702
[IPKernelApp] WARNING | No such comm: a43f7604b0c74335a5616584d2792219
[IPKernelApp] WARNING | No such comm: e1a2e893684e43afbdbf8e87f7d4e853
[IPKernelApp] WARNING | No such comm: c5618e78c7f849c8b204f7174a0394ca
[IPKernelApp] WARNING | No such comm: fe6c6e2ad7124cd38193381ba5c55bb9
[IPKernelApp] WARNING | No such comm: 019582164af74f2f8f723af56548a9ef
[IPKernelApp] WARNING | No such comm: 831e374ef921471b8dfb72c75dd45fad
[IPKernelApp] WARNING | No such comm: 25a64002ed044259986ba364bbe898b4
[IPKernelApp] WARNING | No such comm: 0d7eb8e321734f62b83244615b629f48
[IPKernelApp] WARNING | No such comm: 916df6a0b680425e9e430d2cce592fab
[IPKernelApp] WARNING | No such comm: 1503f51ffe2648c39b5ed9d6d0b0d496
[IPKernelApp] WARNING | No such comm: cf0715ea49ba440c96a86b9c5bf295b5
[IPKernelApp] WARNING | No such comm: c7780e1c63914d32a2f5b077367f8aa6
[IPKernelApp] WARNING | No such comm: 268ad4685c88482d81b701f1bd7ede44
[IPKernelApp] WARNING | No such comm: c5fee55e00954a128882ed4e454f41fe
[IPKernelApp] WARNING | No such comm: ed2da626c7a94034b1726d5ae276ff23
[IPKernelApp] WARNING | No such comm: 0ae30683012f45aa9f3d904f9aff3570
[IPKernelApp] WARNING | No such comm: f6a180c08c9f444882f222a59e43945a
[IPKernelApp] WARNING | No such comm: c647fe21c234487a91cfb64d0bd4ed51
[IPKernelApp] WARNING | No such comm: a9fa6b51acee45b18a29dfbab112d1c0
[IPKernelApp] WARNING | No such comm: 9b42770890c24448a9c24513a4b9ef82
[IPKernelApp] WARNING | No such comm: 31c89bf5b0504140840021327100dab8
[IPKernelApp] WARNING | No such comm: 304b8686cc704fb5803d56f8657ebfda
[IPKernelApp] WARNING | No such comm: a90c169b55614297960eb971c0d8e1bd
[IPKernelApp] WARNING | No such comm: df4fa9f8cdea4ee5806832ae4b7aceea
[IPKernelApp] WARNING | No such comm: 121b4484c4c3457a86a0b9af42e935ef
[IPKernelApp] WARNING | No such comm: ea258d15743041b2b9895efc2ec1c1d3
[IPKernelApp] WARNING | No such comm: 34dfa403a6cb4f77bd98ba42e77848c7
[IPKernelApp] WARNING | No such comm: e527a9a61dad4bdfa69b358bfc1fc46e
[IPKernelApp] WARNING | No such comm: bf9a0bd8c0b040f3b22a9a12a7e41311
[IPKernelApp] WARNING | No such comm: 3726745a1bd544afa85ced63b983d84c
[IPKernelApp] WARNING | No such comm: bde4c857eb084411b007d9f90abeb847
[IPKernelApp] WARNING | No such comm: abd0f2a10b2b407fb3bbf7e6bd973d88
[I 11:37:37.090 NotebookApp] Saving file at /notebooks/sim_trade_analyzer.ipynb
[I 11:39:37.104 NotebookApp] Saving file at /notebooks/sim_trade_analyzer.ipynb
[I 11:41:37.104 NotebookApp] Saving file at /notebooks/sim_trade_analyzer.ipynb
[I 11:45:37.101 NotebookApp] Saving file at /notebooks/sim_trade_analyzer.ipynb
[I 11:47:37.116 NotebookApp] Saving file at /notebooks/sim_trade_analyzer.ipynb
[I 11:51:37.166 NotebookApp] Saving file at /notebooks/sim_trade_analyzer.ipynb
[I 11:53:37.153 NotebookApp] Saving file at /notebooks/sim_trade_analyzer.ipynb
[IPKernelApp] WARNING | No such comm: c6620e62b4b64231b661c2c98192b1c2
[IPKernelApp] WARNING | No such comm: 3d682704a74144ddb2d7fee16211f888
[IPKernelApp] WARNING | No such comm: 1aab98f1823e424e887372e54f4169f2
[IPKernelApp] WARNING | No such comm: 5d432a168936435383e96b8eaa2d4acc
[IPKernelApp] WARNING | No such comm: 3458b35ccc8b471eb8418024311161c8
[IPKernelApp] WARNING | No such comm: 9dab9d35db8c42499f6e226158eef777
[IPKernelApp] WARNING | No such comm: 0e33d53c557841e19fcc26f28a5925e7
[IPKernelApp] WARNING | No such comm: 43e1c012985947ada48b6046bd3b362a
[IPKernelApp] WARNING | No such comm: 8c370a0e47084b8282bc77d2c6a8f27f
[IPKernelApp] WARNING | No such comm: d4e24dfa047a4e3686658e0c8e04467c
[IPKernelApp] WARNING | No such comm: d48d23ac09fa4c48be82a8d833591a1c
[IPKernelApp] WARNING | No such comm: eb1db56b15e243ed8649ab65558d57fc
[IPKernelApp] WARNING | No such comm: 2708ad92bc7b4e9ab5644fff6a695a08
[IPKernelApp] WARNING | No such comm: b9d7b4ca2cff4859bb4c2ea7498318a2
[IPKernelApp] WARNING | No such comm: 5ddd6173a1c849ebb2e80e5b71379023
[IPKernelApp] WARNING | No such comm: a110049b9092434e9fd8b69ec3e20000
[IPKernelApp] WARNING | No such comm: 354acd42cc804b6d82696e3d42375702
[IPKernelApp] WARNING | No such comm: a43f7604b0c74335a5616584d2792219
[IPKernelApp] WARNING | No such comm: e1a2e893684e43afbdbf8e87f7d4e853
[IPKernelApp] WARNING | No such comm: de519b0117ef4acba718fde43c311271
[IPKernelApp] WARNING | No such comm: c5618e78c7f849c8b204f7174a0394ca
[IPKernelApp] WARNING | No such comm: fe6c6e2ad7124cd38193381ba5c55bb9
[IPKernelApp] WARNING | No such comm: 019582164af74f2f8f723af56548a9ef
[IPKernelApp] WARNING | No such comm: 831e374ef921471b8dfb72c75dd45fad
[IPKernelApp] WARNING | No such comm: 25a64002ed044259986ba364bbe898b4
[IPKernelApp] WARNING | No such comm: 0d7eb8e321734f62b83244615b629f48
[IPKernelApp] WARNING | No such comm: 916df6a0b680425e9e430d2cce592fab
[IPKernelApp] WARNING | No such comm: 1503f51ffe2648c39b5ed9d6d0b0d496
[IPKernelApp] WARNING | No such comm: cf0715ea49ba440c96a86b9c5bf295b5
[IPKernelApp] WARNING | No such comm: c7780e1c63914d32a2f5b077367f8aa6
[IPKernelApp] WARNING | No such comm: 268ad4685c88482d81b701f1bd7ede44
[IPKernelApp] WARNING | No such comm: c5fee55e00954a128882ed4e454f41fe
[IPKernelApp] WARNING | No such comm: ed2da626c7a94034b1726d5ae276ff23
[IPKernelApp] WARNING | No such comm: 0ae30683012f45aa9f3d904f9aff3570
[IPKernelApp] WARNING | No such comm: f6a180c08c9f444882f222a59e43945a
[IPKernelApp] WARNING | No such comm: c647fe21c234487a91cfb64d0bd4ed51
[IPKernelApp] WARNING | No such comm: a9fa6b51acee45b18a29dfbab112d1c0
[IPKernelApp] WARNING | No such comm: 9b42770890c24448a9c24513a4b9ef82
[IPKernelApp] WARNING | No such comm: 31c89bf5b0504140840021327100dab8
[IPKernelApp] WARNING | No such comm: e4588160ed684f40a9b07a7b21adb934
[I 13:01:37.276 NotebookApp] Saving file at /notebooks/sim_trade_analyzer.ipynb
[IPKernelApp] WARNING | No such comm: c6620e62b4b64231b661c2c98192b1c2
[IPKernelApp] WARNING | No such comm: 3d682704a74144ddb2d7fee16211f888
[IPKernelApp] WARNING | No such comm: 1aab98f1823e424e887372e54f4169f2
[IPKernelApp] WARNING | No such comm: 5d432a168936435383e96b8eaa2d4acc
[IPKernelApp] WARNING | No such comm: 3458b35ccc8b471eb8418024311161c8
[IPKernelApp] WARNING | No such comm: 9dab9d35db8c42499f6e226158eef777
[IPKernelApp] WARNING | No such comm: 0e33d53c557841e19fcc26f28a5925e7
[IPKernelApp] WARNING | No such comm: 43e1c012985947ada48b6046bd3b362a
[IPKernelApp] WARNING | No such comm: 8c370a0e47084b8282bc77d2c6a8f27f
[IPKernelApp] WARNING | No such comm: d4e24dfa047a4e3686658e0c8e04467c
[IPKernelApp] WARNING | No such comm: d48d23ac09fa4c48be82a8d833591a1c
[IPKernelApp] WARNING | No such comm: eb1db56b15e243ed8649ab65558d57fc
[IPKernelApp] WARNING | No such comm: 2708ad92bc7b4e9ab5644fff6a695a08
[IPKernelApp] WARNING | No such comm: b9d7b4ca2cff4859bb4c2ea7498318a2
[IPKernelApp] WARNING | No such comm: 5ddd6173a1c849ebb2e80e5b71379023
[IPKernelApp] WARNING | No such comm: a110049b9092434e9fd8b69ec3e20000
[IPKernelApp] WARNING | No such comm: 354acd42cc804b6d82696e3d42375702
[IPKernelApp] WARNING | No such comm: a43f7604b0c74335a5616584d2792219
[IPKernelApp] WARNING | No such comm: e1a2e893684e43afbdbf8e87f7d4e853
[IPKernelApp] WARNING | No such comm: de519b0117ef4acba718fde43c311271
[IPKernelApp] WARNING | No such comm: 1717e87a13884b9b8b0fae3d33664e12
[IPKernelApp] WARNING | No such comm: c5618e78c7f849c8b204f7174a0394ca
[IPKernelApp] WARNING | No such comm: fe6c6e2ad7124cd38193381ba5c55bb9
[IPKernelApp] WARNING | No such comm: 019582164af74f2f8f723af56548a9ef
[IPKernelApp] WARNING | No such comm: 831e374ef921471b8dfb72c75dd45fad
[IPKernelApp] WARNING | No such comm: 25a64002ed044259986ba364bbe898b4
[IPKernelApp] WARNING | No such comm: 0d7eb8e321734f62b83244615b629f48
[IPKernelApp] WARNING | No such comm: 916df6a0b680425e9e430d2cce592fab
[IPKernelApp] WARNING | No such comm: 1503f51ffe2648c39b5ed9d6d0b0d496
[IPKernelApp] WARNING | No such comm: cf0715ea49ba440c96a86b9c5bf295b5
[IPKernelApp] WARNING | No such comm: c7780e1c63914d32a2f5b077367f8aa6
[IPKernelApp] WARNING | No such comm: 268ad4685c88482d81b701f1bd7ede44
[IPKernelApp] WARNING | No such comm: c5fee55e00954a128882ed4e454f41fe
[IPKernelApp] WARNING | No such comm: ed2da626c7a94034b1726d5ae276ff23
[IPKernelApp] WARNING | No such comm: 0ae30683012f45aa9f3d904f9aff3570
[IPKernelApp] WARNING | No such comm: f6a180c08c9f444882f222a59e43945a
[IPKernelApp] WARNING | No such comm: c647fe21c234487a91cfb64d0bd4ed51
[IPKernelApp] WARNING | No such comm: a9fa6b51acee45b18a29dfbab112d1c0
[IPKernelApp] WARNING | No such comm: 9b42770890c24448a9c24513a4b9ef82
[IPKernelApp] WARNING | No such comm: 31c89bf5b0504140840021327100dab8
[IPKernelApp] WARNING | No such comm: e4588160ed684f40a9b07a7b21adb934
[IPKernelApp] WARNING | No such comm: d1beb0ad5a5e429b9f4b3dc9d7ca062f
[I 13:03:37.265 NotebookApp] Saving file at /notebooks/sim_trade_analyzer.ipynb
[I 13:05:37.261 NotebookApp] Saving file at /notebooks/sim_trade_analyzer.ipynb
[IPKernelApp] WARNING | No such comm: c6620e62b4b64231b661c2c98192b1c2
[IPKernelApp] WARNING | No such comm: 3d682704a74144ddb2d7fee16211f888
[IPKernelApp] WARNING | No such comm: 1aab98f1823e424e887372e54f4169f2
[IPKernelApp] WARNING | No such comm: 5d432a168936435383e96b8eaa2d4acc
[IPKernelApp] WARNING | No such comm: 3458b35ccc8b471eb8418024311161c8
[IPKernelApp] WARNING | No such comm: 9dab9d35db8c42499f6e226158eef777
[IPKernelApp] WARNING | No such comm: 0e33d53c557841e19fcc26f28a5925e7
[IPKernelApp] WARNING | No such comm: 43e1c012985947ada48b6046bd3b362a
[IPKernelApp] WARNING | No such comm: 8c370a0e47084b8282bc77d2c6a8f27f
[IPKernelApp] WARNING | No such comm: d4e24dfa047a4e3686658e0c8e04467c
[IPKernelApp] WARNING | No such comm: d48d23ac09fa4c48be82a8d833591a1c
[IPKernelApp] WARNING | No such comm: eb1db56b15e243ed8649ab65558d57fc
[IPKernelApp] WARNING | No such comm: 2708ad92bc7b4e9ab5644fff6a695a08
[IPKernelApp] WARNING | No such comm: b9d7b4ca2cff4859bb4c2ea7498318a2
[IPKernelApp] WARNING | No such comm: 5ddd6173a1c849ebb2e80e5b71379023
[IPKernelApp] WARNING | No such comm: a110049b9092434e9fd8b69ec3e20000
[IPKernelApp] WARNING | No such comm: 354acd42cc804b6d82696e3d42375702
[IPKernelApp] WARNING | No such comm: a43f7604b0c74335a5616584d2792219
[IPKernelApp] WARNING | No such comm: e1a2e893684e43afbdbf8e87f7d4e853
[IPKernelApp] WARNING | No such comm: de519b0117ef4acba718fde43c311271
[IPKernelApp] WARNING | No such comm: 1717e87a13884b9b8b0fae3d33664e12
[IPKernelApp] WARNING | No such comm: 5ba2c10b1e0f431298d8d899f297d638
[IPKernelApp] WARNING | No such comm: c5618e78c7f849c8b204f7174a0394ca
[IPKernelApp] WARNING | No such comm: fe6c6e2ad7124cd38193381ba5c55bb9
[IPKernelApp] WARNING | No such comm: 019582164af74f2f8f723af56548a9ef
[IPKernelApp] WARNING | No such comm: 831e374ef921471b8dfb72c75dd45fad
[IPKernelApp] WARNING | No such comm: 25a64002ed044259986ba364bbe898b4
[IPKernelApp] WARNING | No such comm: 0d7eb8e321734f62b83244615b629f48
[IPKernelApp] WARNING | No such comm: 916df6a0b680425e9e430d2cce592fab
[IPKernelApp] WARNING | No such comm: 1503f51ffe2648c39b5ed9d6d0b0d496
[IPKernelApp] WARNING | No such comm: cf0715ea49ba440c96a86b9c5bf295b5
[IPKernelApp] WARNING | No such comm: c7780e1c63914d32a2f5b077367f8aa6
[IPKernelApp] WARNING | No such comm: 268ad4685c88482d81b701f1bd7ede44
[IPKernelApp] WARNING | No such comm: c5fee55e00954a128882ed4e454f41fe
[IPKernelApp] WARNING | No such comm: ed2da626c7a94034b1726d5ae276ff23
[IPKernelApp] WARNING | No such comm: 0ae30683012f45aa9f3d904f9aff3570
[IPKernelApp] WARNING | No such comm: f6a180c08c9f444882f222a59e43945a
[IPKernelApp] WARNING | No such comm: c647fe21c234487a91cfb64d0bd4ed51
[IPKernelApp] WARNING | No such comm: a9fa6b51acee45b18a29dfbab112d1c0
[IPKernelApp] WARNING | No such comm: 9b42770890c24448a9c24513a4b9ef82
[IPKernelApp] WARNING | No such comm: 31c89bf5b0504140840021327100dab8
[IPKernelApp] WARNING | No such comm: e4588160ed684f40a9b07a7b21adb934
[IPKernelApp] WARNING | No such comm: d1beb0ad5a5e429b9f4b3dc9d7ca062f
[IPKernelApp] WARNING | No such comm: 8f27ee8df4da445295658b71d3988ae6
[IPKernelApp] WARNING | No such comm: 304b8686cc704fb5803d56f8657ebfda
[IPKernelApp] WARNING | No such comm: a90c169b55614297960eb971c0d8e1bd
[IPKernelApp] WARNING | No such comm: df4fa9f8cdea4ee5806832ae4b7aceea
[IPKernelApp] WARNING | No such comm: 121b4484c4c3457a86a0b9af42e935ef
[IPKernelApp] WARNING | No such comm: ea258d15743041b2b9895efc2ec1c1d3
[IPKernelApp] WARNING | No such comm: 34dfa403a6cb4f77bd98ba42e77848c7
[IPKernelApp] WARNING | No such comm: e527a9a61dad4bdfa69b358bfc1fc46e
[IPKernelApp] WARNING | No such comm: bf9a0bd8c0b040f3b22a9a12a7e41311
[IPKernelApp] WARNING | No such comm: 3726745a1bd544afa85ced63b983d84c
[IPKernelApp] WARNING | No such comm: bde4c857eb084411b007d9f90abeb847
[IPKernelApp] WARNING | No such comm: abd0f2a10b2b407fb3bbf7e6bd973d88
[IPKernelApp] WARNING | No such comm: 67efe0ba65ce4a138b6b7af692e806b9
[I 17:15:38.233 NotebookApp] Saving file at /notebooks/sim_trade_analyzer.ipynb
[I 19:56:00.325 NotebookApp] Starting buffering for 5e019980-aa51-435c-ac48-e0da5a566df9:2751c73056af4592a41100cf2e4b9d49
[I 19:56:10.570 NotebookApp] Starting buffering for 8b832f5c-8ef0-4a17-aead-da2f8e54a0da:b7dffbaea0b94960a50460500d725405
[I 20:39:22.083 NotebookApp] Restoring connection for 5e019980-aa51-435c-ac48-e0da5a566df9:2751c73056af4592a41100cf2e4b9d49
[I 20:39:22.094 NotebookApp] Restoring connection for 8b832f5c-8ef0-4a17-aead-da2f8e54a0da:b7dffbaea0b94960a50460500d725405
[I 20:40:47.742 NotebookApp] Saving file at /notebooks/sim_trade_analyzer.ipynb
[I 23:00:47.974 NotebookApp] Saving file at /notebooks/sim_trade_analyzer.ipynb
[I 23:24:10.992 NotebookApp] Starting buffering for 5e019980-aa51-435c-ac48-e0da5a566df9:2751c73056af4592a41100cf2e4b9d49
[I 23:24:11.001 NotebookApp] Starting buffering for 8b832f5c-8ef0-4a17-aead-da2f8e54a0da:b7dffbaea0b94960a50460500d725405
[I 23:27:45.141 NotebookApp] Restoring connection for 8b832f5c-8ef0-4a17-aead-da2f8e54a0da:b7dffbaea0b94960a50460500d725405
[I 23:27:45.169 NotebookApp] Restoring connection for 5e019980-aa51-435c-ac48-e0da5a566df9:2751c73056af4592a41100cf2e4b9d49
[I 23:59:34.046 NotebookApp] Starting buffering for 8b832f5c-8ef0-4a17-aead-da2f8e54a0da:b7dffbaea0b94960a50460500d725405
[I 23:59:34.078 NotebookApp] Starting buffering for 5e019980-aa51-435c-ac48-e0da5a566df9:2751c73056af4592a41100cf2e4b9d49
[I 00:52:49.275 NotebookApp] Restoring connection for 5e019980-aa51-435c-ac48-e0da5a566df9:2751c73056af4592a41100cf2e4b9d49
[I 00:52:49.292 NotebookApp] Restoring connection for 8b832f5c-8ef0-4a17-aead-da2f8e54a0da:b7dffbaea0b94960a50460500d725405
[I 01:35:38.186 NotebookApp] Starting buffering for 5e019980-aa51-435c-ac48-e0da5a566df9:2751c73056af4592a41100cf2e4b9d49
[I 01:35:38.200 NotebookApp] Starting buffering for 8b832f5c-8ef0-4a17-aead-da2f8e54a0da:b7dffbaea0b94960a50460500d725405
[I 02:26:43.587 NotebookApp] Restoring connection for 5e019980-aa51-435c-ac48-e0da5a566df9:2751c73056af4592a41100cf2e4b9d49
[I 02:26:43.696 NotebookApp] Restoring connection for 8b832f5c-8ef0-4a17-aead-da2f8e54a0da:b7dffbaea0b94960a50460500d725405
[I 03:09:02.496 NotebookApp] Starting buffering for 5e019980-aa51-435c-ac48-e0da5a566df9:2751c73056af4592a41100cf2e4b9d49
[I 03:09:02.601 NotebookApp] Starting buffering for 8b832f5c-8ef0-4a17-aead-da2f8e54a0da:b7dffbaea0b94960a50460500d725405
[I 05:02:15.475 NotebookApp] Restoring connection for 5e019980-aa51-435c-ac48-e0da5a566df9:2751c73056af4592a41100cf2e4b9d49
[I 05:02:15.689 NotebookApp] Restoring connection for 8b832f5c-8ef0-4a17-aead-da2f8e54a0da:b7dffbaea0b94960a50460500d725405
[I 05:49:34.382 NotebookApp] Starting buffering for 5e019980-aa51-435c-ac48-e0da5a566df9:2751c73056af4592a41100cf2e4b9d49
[I 05:49:34.595 NotebookApp] Starting buffering for 8b832f5c-8ef0-4a17-aead-da2f8e54a0da:b7dffbaea0b94960a50460500d725405
[I 06:36:15.367 NotebookApp] Restoring connection for 5e019980-aa51-435c-ac48-e0da5a566df9:2751c73056af4592a41100cf2e4b9d49
[I 06:36:15.499 NotebookApp] Restoring connection for 8b832f5c-8ef0-4a17-aead-da2f8e54a0da:b7dffbaea0b94960a50460500d725405
[I 07:18:04.274 NotebookApp] Starting buffering for 5e019980-aa51-435c-ac48-e0da5a566df9:2751c73056af4592a41100cf2e4b9d49
[I 07:18:04.412 NotebookApp] Starting buffering for 8b832f5c-8ef0-4a17-aead-da2f8e54a0da:b7dffbaea0b94960a50460500d725405
[I 08:40:06.226 NotebookApp] Restoring connection for 5e019980-aa51-435c-ac48-e0da5a566df9:2751c73056af4592a41100cf2e4b9d49
[I 08:40:06.433 NotebookApp] Restoring connection for 8b832f5c-8ef0-4a17-aead-da2f8e54a0da:b7dffbaea0b94960a50460500d725405
[I 09:23:55.135 NotebookApp] Starting buffering for 5e019980-aa51-435c-ac48-e0da5a566df9:2751c73056af4592a41100cf2e4b9d49
[I 09:23:55.340 NotebookApp] Starting buffering for 8b832f5c-8ef0-4a17-aead-da2f8e54a0da:b7dffbaea0b94960a50460500d725405
[I 10:32:32.087 NotebookApp] Restoring connection for 5e019980-aa51-435c-ac48-e0da5a566df9:2751c73056af4592a41100cf2e4b9d49
[I 10:32:32.398 NotebookApp] Restoring connection for 8b832f5c-8ef0-4a17-aead-da2f8e54a0da:b7dffbaea0b94960a50460500d725405
[I 11:07:20.993 NotebookApp] Starting buffering for 5e019980-aa51-435c-ac48-e0da5a566df9:2751c73056af4592a41100cf2e4b9d49
[I 11:07:21.302 NotebookApp] Starting buffering for 8b832f5c-8ef0-4a17-aead-da2f8e54a0da:b7dffbaea0b94960a50460500d725405
[I 11:07:45.975 NotebookApp] Restoring connection for 8b832f5c-8ef0-4a17-aead-da2f8e54a0da:b7dffbaea0b94960a50460500d725405
[I 11:07:45.996 NotebookApp] Restoring connection for 5e019980-aa51-435c-ac48-e0da5a566df9:2751c73056af4592a41100cf2e4b9d49
[I 11:08:34.887 NotebookApp] Starting buffering for 8b832f5c-8ef0-4a17-aead-da2f8e54a0da:b7dffbaea0b94960a50460500d725405
[I 11:08:34.909 NotebookApp] Starting buffering for 5e019980-aa51-435c-ac48-e0da5a566df9:2751c73056af4592a41100cf2e4b9d49
[I 11:44:12.620 NotebookApp] Restoring connection for 5e019980-aa51-435c-ac48-e0da5a566df9:2751c73056af4592a41100cf2e4b9d49
[I 11:44:12.642 NotebookApp] Restoring connection for 8b832f5c-8ef0-4a17-aead-da2f8e54a0da:b7dffbaea0b94960a50460500d725405
[I 12:29:36.008 NotebookApp] Saving file at /notebooks/sim_trade_analyzer.ipynb
[I 12:31:36.004 NotebookApp] Saving file at /notebooks/sim_trade_analyzer.ipynb
[I 12:33:36.006 NotebookApp] Saving file at /notebooks/sim_trade_analyzer.ipynb
[I 12:35:35.971 NotebookApp] Saving file at /notebooks/sim_trade_analyzer.ipynb
[I 12:37:35.985 NotebookApp] Saving file at /notebooks/sim_trade_analyzer.ipynb
[I 12:59:36.030 NotebookApp] Saving file at /notebooks/sim_trade_analyzer.ipynb
[I 13:01:36.011 NotebookApp] Saving file at /notebooks/sim_trade_analyzer.ipynb
[IPKernelApp] WARNING | No such comm: 0d181e4b312649ee866157584c7d6f20
[I 13:03:36.034 NotebookApp] Saving file at /notebooks/sim_trade_analyzer.ipynb
[IPKernelApp] WARNING | No such comm: 0d181e4b312649ee866157584c7d6f20
[IPKernelApp] WARNING | No such comm: 98ab4e965cd843469204cbf1af2b39c1
[I 13:05:36.075 NotebookApp] Saving file at /notebooks/sim_trade_analyzer.ipynb
[IPKernelApp] WARNING | No such comm: 0d181e4b312649ee866157584c7d6f20
[IPKernelApp] WARNING | No such comm: 98ab4e965cd843469204cbf1af2b39c1
[IPKernelApp] WARNING | No such comm: 41e2be73c0384a4abbc7c5c7d7ba237e
[IPKernelApp] WARNING | No such comm: 0d181e4b312649ee866157584c7d6f20
[IPKernelApp] WARNING | No such comm: 98ab4e965cd843469204cbf1af2b39c1
[IPKernelApp] WARNING | No such comm: 41e2be73c0384a4abbc7c5c7d7ba237e
[IPKernelApp] WARNING | No such comm: c14fcce128da4462b4f1d8512add8345
[IPKernelApp] WARNING | No such comm: 0d181e4b312649ee866157584c7d6f20
[IPKernelApp] WARNING | No such comm: 98ab4e965cd843469204cbf1af2b39c1
[IPKernelApp] WARNING | No such comm: 41e2be73c0384a4abbc7c5c7d7ba237e
[IPKernelApp] WARNING | No such comm: c14fcce128da4462b4f1d8512add8345
[IPKernelApp] WARNING | No such comm: 006f8b87732f4deb8501b9fcd0555026
[IPKernelApp] WARNING | No such comm: 0d181e4b312649ee866157584c7d6f20
[IPKernelApp] WARNING | No such comm: 98ab4e965cd843469204cbf1af2b39c1
[IPKernelApp] WARNING | No such comm: 41e2be73c0384a4abbc7c5c7d7ba237e
[IPKernelApp] WARNING | No such comm: c14fcce128da4462b4f1d8512add8345
[IPKernelApp] WARNING | No such comm: 006f8b87732f4deb8501b9fcd0555026
[IPKernelApp] WARNING | No such comm: 75b6ef69bc334d8eb84849050ac12882
[IPKernelApp] WARNING | No such comm: 0d181e4b312649ee866157584c7d6f20
[IPKernelApp] WARNING | No such comm: 98ab4e965cd843469204cbf1af2b39c1
[IPKernelApp] WARNING | No such comm: 41e2be73c0384a4abbc7c5c7d7ba237e
[IPKernelApp] WARNING | No such comm: c14fcce128da4462b4f1d8512add8345
[IPKernelApp] WARNING | No such comm: 006f8b87732f4deb8501b9fcd0555026
[IPKernelApp] WARNING | No such comm: 75b6ef69bc334d8eb84849050ac12882
[IPKernelApp] WARNING | No such comm: 622bf49c872a4760b63ce8f06cfd6ad8
[I 13:07:36.049 NotebookApp] Saving file at /notebooks/sim_trade_analyzer.ipynb
[I 13:09:36.055 NotebookApp] Saving file at /notebooks/sim_trade_analyzer.ipynb
[IPKernelApp] WARNING | No such comm: 0d181e4b312649ee866157584c7d6f20
[IPKernelApp] WARNING | No such comm: 98ab4e965cd843469204cbf1af2b39c1
[IPKernelApp] WARNING | No such comm: 41e2be73c0384a4abbc7c5c7d7ba237e
[IPKernelApp] WARNING | No such comm: c14fcce128da4462b4f1d8512add8345
[IPKernelApp] WARNING | No such comm: 006f8b87732f4deb8501b9fcd0555026
[IPKernelApp] WARNING | No such comm: 75b6ef69bc334d8eb84849050ac12882
[IPKernelApp] WARNING | No such comm: 622bf49c872a4760b63ce8f06cfd6ad8
[IPKernelApp] WARNING | No such comm: c3be4cffcd194a4db3fa32259756cd3b
[IPKernelApp] WARNING | No such comm: 0d181e4b312649ee866157584c7d6f20
[IPKernelApp] WARNING | No such comm: 98ab4e965cd843469204cbf1af2b39c1
[IPKernelApp] WARNING | No such comm: 41e2be73c0384a4abbc7c5c7d7ba237e
[IPKernelApp] WARNING | No such comm: c14fcce128da4462b4f1d8512add8345
[IPKernelApp] WARNING | No such comm: 006f8b87732f4deb8501b9fcd0555026
[IPKernelApp] WARNING | No such comm: 75b6ef69bc334d8eb84849050ac12882
[IPKernelApp] WARNING | No such comm: 622bf49c872a4760b63ce8f06cfd6ad8
[IPKernelApp] WARNING | No such comm: c3be4cffcd194a4db3fa32259756cd3b
[IPKernelApp] WARNING | No such comm: addc6e6f65c343279b751a43a9e4a87a
[I 13:11:36.066 NotebookApp] Saving file at /notebooks/sim_trade_analyzer.ipynb
[IPKernelApp] WARNING | No such comm: 0d181e4b312649ee866157584c7d6f20
[IPKernelApp] WARNING | No such comm: 98ab4e965cd843469204cbf1af2b39c1
[IPKernelApp] WARNING | No such comm: 41e2be73c0384a4abbc7c5c7d7ba237e
[IPKernelApp] WARNING | No such comm: c14fcce128da4462b4f1d8512add8345
[IPKernelApp] WARNING | No such comm: 006f8b87732f4deb8501b9fcd0555026
[IPKernelApp] WARNING | No such comm: 75b6ef69bc334d8eb84849050ac12882
[IPKernelApp] WARNING | No such comm: 622bf49c872a4760b63ce8f06cfd6ad8
[IPKernelApp] WARNING | No such comm: c3be4cffcd194a4db3fa32259756cd3b
[IPKernelApp] WARNING | No such comm: addc6e6f65c343279b751a43a9e4a87a
[IPKernelApp] WARNING | No such comm: 466948ab547e4c6e9a003a39f5b81529
[IPKernelApp] WARNING | No such comm: 6154047dab4747dd88d84b5290706464
[IPKernelApp] WARNING | No such comm: 0d181e4b312649ee866157584c7d6f20
[IPKernelApp] WARNING | No such comm: 98ab4e965cd843469204cbf1af2b39c1
[IPKernelApp] WARNING | No such comm: 41e2be73c0384a4abbc7c5c7d7ba237e
[IPKernelApp] WARNING | No such comm: c14fcce128da4462b4f1d8512add8345
[IPKernelApp] WARNING | No such comm: 006f8b87732f4deb8501b9fcd0555026
[IPKernelApp] WARNING | No such comm: 75b6ef69bc334d8eb84849050ac12882
[IPKernelApp] WARNING | No such comm: 622bf49c872a4760b63ce8f06cfd6ad8
[IPKernelApp] WARNING | No such comm: c3be4cffcd194a4db3fa32259756cd3b
[IPKernelApp] WARNING | No such comm: addc6e6f65c343279b751a43a9e4a87a
[IPKernelApp] WARNING | No such comm: 466948ab547e4c6e9a003a39f5b81529
[IPKernelApp] WARNING | No such comm: 6154047dab4747dd88d84b5290706464
[IPKernelApp] WARNING | No such comm: 4dca4c793c594a36a9e88d3f5433902c
[I 13:13:36.075 NotebookApp] Saving file at /notebooks/sim_trade_analyzer.ipynb
[IPKernelApp] WARNING | No such comm: 0d181e4b312649ee866157584c7d6f20
[IPKernelApp] WARNING | No such comm: 98ab4e965cd843469204cbf1af2b39c1
[IPKernelApp] WARNING | No such comm: 41e2be73c0384a4abbc7c5c7d7ba237e
[IPKernelApp] WARNING | No such comm: c14fcce128da4462b4f1d8512add8345
[IPKernelApp] WARNING | No such comm: 006f8b87732f4deb8501b9fcd0555026
[IPKernelApp] WARNING | No such comm: 75b6ef69bc334d8eb84849050ac12882
[IPKernelApp] WARNING | No such comm: 622bf49c872a4760b63ce8f06cfd6ad8
[IPKernelApp] WARNING | No such comm: c3be4cffcd194a4db3fa32259756cd3b
[IPKernelApp] WARNING | No such comm: addc6e6f65c343279b751a43a9e4a87a
[IPKernelApp] WARNING | No such comm: 466948ab547e4c6e9a003a39f5b81529
[IPKernelApp] WARNING | No such comm: 6154047dab4747dd88d84b5290706464
[IPKernelApp] WARNING | No such comm: 4dca4c793c594a36a9e88d3f5433902c
[IPKernelApp] WARNING | No such comm: 4c17cb73b1e841389961d56c992787d8
[IPKernelApp] WARNING | No such comm: 0d181e4b312649ee866157584c7d6f20
[IPKernelApp] WARNING | No such comm: 98ab4e965cd843469204cbf1af2b39c1
[IPKernelApp] WARNING | No such comm: 41e2be73c0384a4abbc7c5c7d7ba237e
[IPKernelApp] WARNING | No such comm: c14fcce128da4462b4f1d8512add8345
[IPKernelApp] WARNING | No such comm: 006f8b87732f4deb8501b9fcd0555026
[IPKernelApp] WARNING | No such comm: 75b6ef69bc334d8eb84849050ac12882
[IPKernelApp] WARNING | No such comm: 622bf49c872a4760b63ce8f06cfd6ad8
[IPKernelApp] WARNING | No such comm: c3be4cffcd194a4db3fa32259756cd3b
[IPKernelApp] WARNING | No such comm: addc6e6f65c343279b751a43a9e4a87a
[IPKernelApp] WARNING | No such comm: 466948ab547e4c6e9a003a39f5b81529
[IPKernelApp] WARNING | No such comm: 6154047dab4747dd88d84b5290706464
[IPKernelApp] WARNING | No such comm: 4dca4c793c594a36a9e88d3f5433902c
[IPKernelApp] WARNING | No such comm: 4c17cb73b1e841389961d56c992787d8
[IPKernelApp] WARNING | No such comm: 63211588b143492bafaab7e9f0533b26
[IPKernelApp] WARNING | No such comm: 0d181e4b312649ee866157584c7d6f20
[IPKernelApp] WARNING | No such comm: 98ab4e965cd843469204cbf1af2b39c1
[IPKernelApp] WARNING | No such comm: 41e2be73c0384a4abbc7c5c7d7ba237e
[IPKernelApp] WARNING | No such comm: c14fcce128da4462b4f1d8512add8345
[IPKernelApp] WARNING | No such comm: 006f8b87732f4deb8501b9fcd0555026
[IPKernelApp] WARNING | No such comm: 75b6ef69bc334d8eb84849050ac12882
[IPKernelApp] WARNING | No such comm: 622bf49c872a4760b63ce8f06cfd6ad8
[IPKernelApp] WARNING | No such comm: c3be4cffcd194a4db3fa32259756cd3b
[IPKernelApp] WARNING | No such comm: addc6e6f65c343279b751a43a9e4a87a
[IPKernelApp] WARNING | No such comm: 466948ab547e4c6e9a003a39f5b81529
[IPKernelApp] WARNING | No such comm: 6154047dab4747dd88d84b5290706464
[IPKernelApp] WARNING | No such comm: 4dca4c793c594a36a9e88d3f5433902c
[IPKernelApp] WARNING | No such comm: 4c17cb73b1e841389961d56c992787d8
[IPKernelApp] WARNING | No such comm: 63211588b143492bafaab7e9f0533b26
[IPKernelApp] WARNING | No such comm: 5c826d958afb4648b9b625900e2d2e52
[I 13:15:36.084 NotebookApp] Saving file at /notebooks/sim_trade_analyzer.ipynb
[I 13:20:23.284 NotebookApp] 302 GET / (127.0.0.1) 0.560000ms
[I 13:20:23.288 NotebookApp] 302 GET /tree? (127.0.0.1) 0.770000ms
[I 13:21:27.013 NotebookApp] 302 GET / (127.0.0.1) 0.400000ms
[I 13:21:27.019 NotebookApp] 302 GET /tree? (127.0.0.1) 0.600000ms
[I 13:23:16.232 NotebookApp] 302 GET / (10.0.2.2) 0.400000ms
[I 13:23:44.354 NotebookApp] 302 GET / (127.0.0.1) 0.420000ms
[I 13:23:44.357 NotebookApp] 302 GET /tree? (127.0.0.1) 0.540000ms
